<?xml version="1.0" encoding="UTF-8"?>
<coverage generated="1548110101207" clover="3.2.0">
  <project timestamp="1548110101207" name="All files">
    <metrics statements="100" coveredstatements="100" conditionals="95" coveredconditionals="88" methods="21" coveredmethods="21" elements="216" coveredelements="209" complexity="0" loc="100" ncloc="100" packages="1" files="2" classes="2">
      <file name="ReactTimeSelection.js" path="C:\Users\celler.HYPUR\source\repos\react-time-selection\src\ReactTimeSelection.js">
        <metrics statements="100" coveredstatements="100" conditionals="95" coveredconditionals="88" methods="21" coveredmethods="21"/>
        <line num="9" count="32" type="stmt"/>
        <line num="10" count="32" type="stmt"/>
        <line num="18" count="31" type="stmt"/>
        <line num="19" count="31" type="stmt"/>
        <line num="20" count="31" type="cond" truecount="2" falsecount="0"/>
        <line num="21" count="1" type="stmt"/>
        <line num="23" count="30" type="stmt"/>
        <line num="24" count="30" type="stmt"/>
        <line num="25" count="30" type="stmt"/>
        <line num="26" count="30" type="cond" truecount="2" falsecount="0"/>
        <line num="27" count="23" type="cond" truecount="1" falsecount="1"/>
        <line num="28" count="23" type="stmt"/>
        <line num="29" count="23" type="cond" truecount="1" falsecount="1"/>
        <line num="31" count="30" type="stmt"/>
        <line num="40" count="8" type="stmt"/>
        <line num="41" count="8" type="stmt"/>
        <line num="42" count="8" type="stmt"/>
        <line num="43" count="8" type="cond" truecount="4" falsecount="0"/>
        <line num="44" count="1" type="cond" truecount="1" falsecount="1"/>
        <line num="45" count="1" type="stmt"/>
        <line num="46" count="7" type="cond" truecount="4" falsecount="0"/>
        <line num="47" count="1" type="stmt"/>
        <line num="48" count="6" type="cond" truecount="4" falsecount="0"/>
        <line num="49" count="2" type="stmt"/>
        <line num="51" count="8" type="stmt"/>
        <line num="55" count="4" type="stmt"/>
        <line num="56" count="4" type="cond" truecount="2" falsecount="0"/>
        <line num="57" count="1" type="stmt"/>
        <line num="59" count="4" type="stmt"/>
        <line num="63" count="3" type="stmt"/>
        <line num="64" count="3" type="stmt"/>
        <line num="65" count="3" type="stmt"/>
        <line num="66" count="3" type="stmt"/>
        <line num="67" count="3" type="cond" truecount="2" falsecount="0"/>
        <line num="68" count="2" type="stmt"/>
        <line num="71" count="2" type="stmt"/>
        <line num="72" count="2" type="stmt"/>
        <line num="73" count="2" type="stmt"/>
        <line num="75" count="1" type="stmt"/>
        <line num="76" count="1" type="stmt"/>
        <line num="77" count="1" type="stmt"/>
        <line num="79" count="3" type="stmt"/>
        <line num="80" count="3" type="stmt"/>
        <line num="84" count="1" type="stmt"/>
        <line num="88" count="1" type="stmt"/>
        <line num="92" count="12" type="stmt"/>
        <line num="93" count="12" type="stmt"/>
        <line num="94" count="12" type="stmt"/>
        <line num="95" count="12" type="cond" truecount="4" falsecount="0"/>
        <line num="96" count="3" type="cond" truecount="6" falsecount="0"/>
        <line num="97" count="1" type="stmt"/>
        <line num="98" count="2" type="cond" truecount="4" falsecount="0"/>
        <line num="99" count="1" type="stmt"/>
        <line num="100" count="1" type="cond" truecount="3" falsecount="1"/>
        <line num="101" count="1" type="stmt"/>
        <line num="103" count="9" type="cond" truecount="4" falsecount="0"/>
        <line num="104" count="3" type="cond" truecount="8" falsecount="0"/>
        <line num="105" count="1" type="stmt"/>
        <line num="106" count="2" type="cond" truecount="5" falsecount="0"/>
        <line num="107" count="1" type="stmt"/>
        <line num="108" count="1" type="cond" truecount="4" falsecount="1"/>
        <line num="109" count="1" type="stmt"/>
        <line num="111" count="6" type="cond" truecount="4" falsecount="0"/>
        <line num="112" count="2" type="cond" truecount="2" falsecount="0"/>
        <line num="113" count="1" type="stmt"/>
        <line num="115" count="1" type="stmt"/>
        <line num="117" count="4" type="cond" truecount="4" falsecount="0"/>
        <line num="118" count="2" type="cond" truecount="4" falsecount="0"/>
        <line num="119" count="1" type="stmt"/>
        <line num="121" count="1" type="stmt"/>
        <line num="123" count="2" type="cond" truecount="4" falsecount="1"/>
        <line num="124" count="2" type="cond" truecount="1" falsecount="1"/>
        <line num="125" count="2" type="stmt"/>
        <line num="130" count="91" type="stmt"/>
        <line num="131" count="91" type="cond" truecount="2" falsecount="0"/>
        <line num="132" count="55" type="stmt"/>
        <line num="150" count="3" type="stmt"/>
        <line num="171" count="3" type="stmt"/>
        <line num="185" count="2" type="stmt"/>
        <line num="206" count="2" type="stmt"/>
        <line num="238" count="36" type="stmt"/>
        <line num="242" count="55" type="stmt"/>
        <line num="243" count="55" type="cond" truecount="2" falsecount="0"/>
        <line num="244" count="43" type="stmt"/>
        <line num="246" count="12" type="stmt"/>
        <line num="250" count="55" type="stmt"/>
        <line num="251" count="55" type="stmt"/>
        <line num="252" count="55" type="cond" truecount="2" falsecount="0"/>
        <line num="253" count="43" type="stmt"/>
        <line num="257" count="1" type="stmt"/>
        <line num="274" count="1" type="stmt"/>
        <line num="282" count="12" type="stmt"/>
        <line num="286" count="91" type="stmt"/>
        <line num="287" count="91" type="stmt"/>
        <line num="288" count="91" type="stmt"/>
        <line num="296" count="1" type="cond" truecount="2" falsecount="0"/>
        <line num="304" count="1" type="stmt"/>
        <line num="313" count="1" type="stmt"/>
        <line num="318" count="3" type="stmt"/>
        <line num="319" count="1" type="stmt"/>
      </file>
      <file name="index.js" path="C:\Users\celler.HYPUR\source\repos\react-time-selection\src\index.js">
        <metrics statements="0" coveredstatements="0" conditionals="0" coveredconditionals="0" methods="0" coveredmethods="0"/>
      </file>
    </metrics>
  </project>
</coverage>
