{"C:\\Users\\celler.HYPUR\\source\\repos\\react-time-selection\\src\\ReactTimeSelection.js": {"path":"C:\\Users\\celler.HYPUR\\source\\repos\\react-time-selection\\src\\ReactTimeSelection.js","statementMap":{"0":{"start":{"line":9,"column":8},"end":{"line":9,"column":21}},"1":{"start":{"line":10,"column":8},"end":{"line":14,"column":10}},"2":{"start":{"line":18,"column":31},"end":{"line":18,"column":41}},"3":{"start":{"line":19,"column":35},"end":{"line":19,"column":45}},"4":{"start":{"line":20,"column":8},"end":{"line":22,"column":9}},"5":{"start":{"line":21,"column":12},"end":{"line":21,"column":19}},"6":{"start":{"line":23,"column":28},"end":{"line":23,"column":38}},"7":{"start":{"line":24,"column":27},"end":{"line":24,"column":49}},"8":{"start":{"line":25,"column":23},"end":{"line":25,"column":27}},"9":{"start":{"line":26,"column":8},"end":{"line":30,"column":9}},"10":{"start":{"line":27,"column":12},"end":{"line":27,"column":73}},"11":{"start":{"line":28,"column":12},"end":{"line":28,"column":31}},"12":{"start":{"line":29,"column":12},"end":{"line":29,"column":66}},"13":{"start":{"line":31,"column":8},"end":{"line":36,"column":11}},"14":{"start":{"line":40,"column":35},"end":{"line":40,"column":45}},"15":{"start":{"line":41,"column":27},"end":{"line":41,"column":65}},"16":{"start":{"line":42,"column":23},"end":{"line":42,"column":27}},"17":{"start":{"line":43,"column":8},"end":{"line":50,"column":9}},"18":{"start":{"line":44,"column":12},"end":{"line":44,"column":73}},"19":{"start":{"line":45,"column":12},"end":{"line":45,"column":30}},"20":{"start":{"line":46,"column":15},"end":{"line":50,"column":9}},"21":{"start":{"line":47,"column":12},"end":{"line":47,"column":29}},"22":{"start":{"line":48,"column":15},"end":{"line":50,"column":9}},"23":{"start":{"line":49,"column":12},"end":{"line":49,"column":30}},"24":{"start":{"line":51,"column":8},"end":{"line":51,"column":50}},"25":{"start":{"line":55,"column":29},"end":{"line":55,"column":67}},"26":{"start":{"line":56,"column":8},"end":{"line":58,"column":9}},"27":{"start":{"line":57,"column":12},"end":{"line":57,"column":32}},"28":{"start":{"line":59,"column":8},"end":{"line":59,"column":42}},"29":{"start":{"line":63,"column":22},"end":{"line":63,"column":24}},"30":{"start":{"line":64,"column":59},"end":{"line":64,"column":69}},"31":{"start":{"line":65,"column":49},"end":{"line":65,"column":59}},"32":{"start":{"line":66,"column":27},"end":{"line":66,"column":29}},"33":{"start":{"line":67,"column":8},"end":{"line":78,"column":9}},"34":{"start":{"line":68,"column":12},"end":{"line":70,"column":28}},"35":{"start":{"line":71,"column":12},"end":{"line":71,"column":59}},"36":{"start":{"line":72,"column":12},"end":{"line":72,"column":61}},"37":{"start":{"line":73,"column":12},"end":{"line":73,"column":38}},"38":{"start":{"line":75,"column":12},"end":{"line":75,"column":92}},"39":{"start":{"line":76,"column":12},"end":{"line":76,"column":59}},"40":{"start":{"line":77,"column":12},"end":{"line":77,"column":61}},"41":{"start":{"line":79,"column":8},"end":{"line":79,"column":61}},"42":{"start":{"line":80,"column":8},"end":{"line":80,"column":42}},"43":{"start":{"line":84,"column":8},"end":{"line":84,"column":37}},"44":{"start":{"line":88,"column":8},"end":{"line":88,"column":45}},"45":{"start":{"line":92,"column":49},"end":{"line":92,"column":59}},"46":{"start":{"line":93,"column":27},"end":{"line":93,"column":37}},"47":{"start":{"line":94,"column":35},"end":{"line":94,"column":45}},"48":{"start":{"line":95,"column":8},"end":{"line":126,"column":9}},"49":{"start":{"line":96,"column":12},"end":{"line":102,"column":13}},"50":{"start":{"line":97,"column":16},"end":{"line":97,"column":66}},"51":{"start":{"line":98,"column":19},"end":{"line":102,"column":13}},"52":{"start":{"line":99,"column":16},"end":{"line":99,"column":51}},"53":{"start":{"line":100,"column":19},"end":{"line":102,"column":13}},"54":{"start":{"line":101,"column":16},"end":{"line":101,"column":51}},"55":{"start":{"line":103,"column":15},"end":{"line":126,"column":9}},"56":{"start":{"line":104,"column":12},"end":{"line":110,"column":13}},"57":{"start":{"line":105,"column":16},"end":{"line":105,"column":66}},"58":{"start":{"line":106,"column":19},"end":{"line":110,"column":13}},"59":{"start":{"line":107,"column":16},"end":{"line":107,"column":52}},"60":{"start":{"line":108,"column":19},"end":{"line":110,"column":13}},"61":{"start":{"line":109,"column":16},"end":{"line":109,"column":52}},"62":{"start":{"line":111,"column":15},"end":{"line":126,"column":9}},"63":{"start":{"line":112,"column":12},"end":{"line":116,"column":13}},"64":{"start":{"line":113,"column":16},"end":{"line":113,"column":70}},"65":{"start":{"line":115,"column":16},"end":{"line":115,"column":53}},"66":{"start":{"line":117,"column":15},"end":{"line":126,"column":9}},"67":{"start":{"line":118,"column":12},"end":{"line":122,"column":13}},"68":{"start":{"line":119,"column":16},"end":{"line":119,"column":70}},"69":{"start":{"line":121,"column":16},"end":{"line":121,"column":54}},"70":{"start":{"line":123,"column":15},"end":{"line":126,"column":9}},"71":{"start":{"line":124,"column":12},"end":{"line":124,"column":55}},"72":{"start":{"line":125,"column":12},"end":{"line":125,"column":40}},"73":{"start":{"line":130,"column":61},"end":{"line":130,"column":71}},"74":{"start":{"line":131,"column":8},"end":{"line":237,"column":9}},"75":{"start":{"line":132,"column":12},"end":{"line":236,"column":14}},"76":{"start":{"line":150,"column":51},"end":{"line":150,"column":87}},"77":{"start":{"line":171,"column":51},"end":{"line":171,"column":89}},"78":{"start":{"line":185,"column":51},"end":{"line":185,"column":86}},"79":{"start":{"line":206,"column":51},"end":{"line":206,"column":88}},"80":{"start":{"line":238,"column":8},"end":{"line":238,"column":20}},"81":{"start":{"line":242,"column":35},"end":{"line":242,"column":45}},"82":{"start":{"line":243,"column":8},"end":{"line":245,"column":9}},"83":{"start":{"line":244,"column":12},"end":{"line":244,"column":48}},"84":{"start":{"line":246,"column":8},"end":{"line":246,"column":46}},"85":{"start":{"line":250,"column":35},"end":{"line":250,"column":45}},"86":{"start":{"line":251,"column":29},"end":{"line":251,"column":39}},"87":{"start":{"line":252,"column":8},"end":{"line":281,"column":9}},"88":{"start":{"line":253,"column":12},"end":{"line":280,"column":14}},"89":{"start":{"line":257,"column":39},"end":{"line":257,"column":75}},"90":{"start":{"line":274,"column":39},"end":{"line":274,"column":77}},"91":{"start":{"line":282,"column":8},"end":{"line":282,"column":20}},"92":{"start":{"line":286,"column":26},"end":{"line":286,"column":36}},"93":{"start":{"line":287,"column":54},"end":{"line":287,"column":64}},"94":{"start":{"line":288,"column":8},"end":{"line":300,"column":10}},"95":{"start":{"line":296,"column":35},"end":{"line":296,"column":71}},"96":{"start":{"line":304,"column":0},"end":{"line":311,"column":2}},"97":{"start":{"line":313,"column":0},"end":{"line":320,"column":2}},"98":{"start":{"line":318,"column":24},"end":{"line":318,"column":28}},"99":{"start":{"line":319,"column":20},"end":{"line":319,"column":24}}},"fnMap":{"0":{"name":"(anonymous_0)","decl":{"start":{"line":8,"column":4},"end":{"line":8,"column":5}},"loc":{"start":{"line":8,"column":23},"end":{"line":15,"column":5}},"line":8},"1":{"name":"(anonymous_1)","decl":{"start":{"line":17,"column":28},"end":{"line":17,"column":29}},"loc":{"start":{"line":17,"column":34},"end":{"line":37,"column":5}},"line":17},"2":{"name":"(anonymous_2)","decl":{"start":{"line":39,"column":23},"end":{"line":39,"column":24}},"loc":{"start":{"line":39,"column":30},"end":{"line":52,"column":5}},"line":39},"3":{"name":"(anonymous_3)","decl":{"start":{"line":54,"column":25},"end":{"line":54,"column":26}},"loc":{"start":{"line":54,"column":32},"end":{"line":60,"column":5}},"line":54},"4":{"name":"(anonymous_4)","decl":{"start":{"line":62,"column":27},"end":{"line":62,"column":28}},"loc":{"start":{"line":62,"column":33},"end":{"line":81,"column":5}},"line":62},"5":{"name":"(anonymous_5)","decl":{"start":{"line":83,"column":29},"end":{"line":83,"column":30}},"loc":{"start":{"line":83,"column":35},"end":{"line":85,"column":5}},"line":83},"6":{"name":"(anonymous_6)","decl":{"start":{"line":87,"column":24},"end":{"line":87,"column":25}},"loc":{"start":{"line":87,"column":30},"end":{"line":89,"column":5}},"line":87},"7":{"name":"(anonymous_7)","decl":{"start":{"line":91,"column":24},"end":{"line":91,"column":25}},"loc":{"start":{"line":91,"column":46},"end":{"line":127,"column":5}},"line":91},"8":{"name":"(anonymous_8)","decl":{"start":{"line":129,"column":4},"end":{"line":129,"column":5}},"loc":{"start":{"line":129,"column":23},"end":{"line":239,"column":5}},"line":129},"9":{"name":"(anonymous_9)","decl":{"start":{"line":150,"column":45},"end":{"line":150,"column":46}},"loc":{"start":{"line":150,"column":51},"end":{"line":150,"column":87}},"line":150},"10":{"name":"(anonymous_10)","decl":{"start":{"line":171,"column":45},"end":{"line":171,"column":46}},"loc":{"start":{"line":171,"column":51},"end":{"line":171,"column":89}},"line":171},"11":{"name":"(anonymous_11)","decl":{"start":{"line":185,"column":45},"end":{"line":185,"column":46}},"loc":{"start":{"line":185,"column":51},"end":{"line":185,"column":86}},"line":185},"12":{"name":"(anonymous_12)","decl":{"start":{"line":206,"column":45},"end":{"line":206,"column":46}},"loc":{"start":{"line":206,"column":51},"end":{"line":206,"column":88}},"line":206},"13":{"name":"(anonymous_13)","decl":{"start":{"line":241,"column":4},"end":{"line":241,"column":5}},"loc":{"start":{"line":241,"column":23},"end":{"line":247,"column":5}},"line":241},"14":{"name":"(anonymous_14)","decl":{"start":{"line":249,"column":4},"end":{"line":249,"column":5}},"loc":{"start":{"line":249,"column":21},"end":{"line":283,"column":5}},"line":249},"15":{"name":"(anonymous_15)","decl":{"start":{"line":257,"column":33},"end":{"line":257,"column":34}},"loc":{"start":{"line":257,"column":39},"end":{"line":257,"column":75}},"line":257},"16":{"name":"(anonymous_16)","decl":{"start":{"line":274,"column":33},"end":{"line":274,"column":34}},"loc":{"start":{"line":274,"column":39},"end":{"line":274,"column":77}},"line":274},"17":{"name":"(anonymous_17)","decl":{"start":{"line":285,"column":4},"end":{"line":285,"column":5}},"loc":{"start":{"line":285,"column":13},"end":{"line":301,"column":5}},"line":285},"18":{"name":"(anonymous_18)","decl":{"start":{"line":296,"column":30},"end":{"line":296,"column":31}},"loc":{"start":{"line":296,"column":35},"end":{"line":296,"column":71}},"line":296},"19":{"name":"(anonymous_19)","decl":{"start":{"line":318,"column":18},"end":{"line":318,"column":19}},"loc":{"start":{"line":318,"column":24},"end":{"line":318,"column":28}},"line":318},"20":{"name":"(anonymous_20)","decl":{"start":{"line":319,"column":14},"end":{"line":319,"column":15}},"loc":{"start":{"line":319,"column":20},"end":{"line":319,"column":24}},"line":319}},"branchMap":{"0":{"loc":{"start":{"line":20,"column":8},"end":{"line":22,"column":9}},"type":"if","locations":[{"start":{"line":20,"column":8},"end":{"line":22,"column":9}},{"start":{"line":20,"column":8},"end":{"line":22,"column":9}}],"line":20},"1":{"loc":{"start":{"line":26,"column":8},"end":{"line":30,"column":9}},"type":"if","locations":[{"start":{"line":26,"column":8},"end":{"line":30,"column":9}},{"start":{"line":26,"column":8},"end":{"line":30,"column":9}}],"line":26},"2":{"loc":{"start":{"line":27,"column":23},"end":{"line":27,"column":72}},"type":"cond-expr","locations":[{"start":{"line":27,"column":61},"end":{"line":27,"column":65}},{"start":{"line":27,"column":68},"end":{"line":27,"column":72}}],"line":27},"3":{"loc":{"start":{"line":29,"column":27},"end":{"line":29,"column":65}},"type":"cond-expr","locations":[{"start":{"line":29,"column":48},"end":{"line":29,"column":50}},{"start":{"line":29,"column":53},"end":{"line":29,"column":65}}],"line":29},"4":{"loc":{"start":{"line":43,"column":8},"end":{"line":50,"column":9}},"type":"if","locations":[{"start":{"line":43,"column":8},"end":{"line":50,"column":9}},{"start":{"line":43,"column":8},"end":{"line":50,"column":9}}],"line":43},"5":{"loc":{"start":{"line":43,"column":12},"end":{"line":43,"column":48}},"type":"binary-expr","locations":[{"start":{"line":43,"column":12},"end":{"line":43,"column":27}},{"start":{"line":43,"column":31},"end":{"line":43,"column":48}}],"line":43},"6":{"loc":{"start":{"line":44,"column":23},"end":{"line":44,"column":72}},"type":"cond-expr","locations":[{"start":{"line":44,"column":61},"end":{"line":44,"column":65}},{"start":{"line":44,"column":68},"end":{"line":44,"column":72}}],"line":44},"7":{"loc":{"start":{"line":46,"column":15},"end":{"line":50,"column":9}},"type":"if","locations":[{"start":{"line":46,"column":15},"end":{"line":50,"column":9}},{"start":{"line":46,"column":15},"end":{"line":50,"column":9}}],"line":46},"8":{"loc":{"start":{"line":46,"column":19},"end":{"line":46,"column":54}},"type":"binary-expr","locations":[{"start":{"line":46,"column":19},"end":{"line":46,"column":34}},{"start":{"line":46,"column":38},"end":{"line":46,"column":54}}],"line":46},"9":{"loc":{"start":{"line":48,"column":15},"end":{"line":50,"column":9}},"type":"if","locations":[{"start":{"line":48,"column":15},"end":{"line":50,"column":9}},{"start":{"line":48,"column":15},"end":{"line":50,"column":9}}],"line":48},"10":{"loc":{"start":{"line":48,"column":19},"end":{"line":48,"column":54}},"type":"binary-expr","locations":[{"start":{"line":48,"column":19},"end":{"line":48,"column":33}},{"start":{"line":48,"column":37},"end":{"line":48,"column":54}}],"line":48},"11":{"loc":{"start":{"line":56,"column":8},"end":{"line":58,"column":9}},"type":"if","locations":[{"start":{"line":56,"column":8},"end":{"line":58,"column":9}},{"start":{"line":56,"column":8},"end":{"line":58,"column":9}}],"line":56},"12":{"loc":{"start":{"line":67,"column":8},"end":{"line":78,"column":9}},"type":"if","locations":[{"start":{"line":67,"column":8},"end":{"line":78,"column":9}},{"start":{"line":67,"column":8},"end":{"line":78,"column":9}}],"line":67},"13":{"loc":{"start":{"line":95,"column":8},"end":{"line":126,"column":9}},"type":"if","locations":[{"start":{"line":95,"column":8},"end":{"line":126,"column":9}},{"start":{"line":95,"column":8},"end":{"line":126,"column":9}}],"line":95},"14":{"loc":{"start":{"line":95,"column":12},"end":{"line":95,"column":50}},"type":"binary-expr","locations":[{"start":{"line":95,"column":12},"end":{"line":95,"column":28}},{"start":{"line":95,"column":32},"end":{"line":95,"column":50}}],"line":95},"15":{"loc":{"start":{"line":96,"column":12},"end":{"line":102,"column":13}},"type":"if","locations":[{"start":{"line":96,"column":12},"end":{"line":102,"column":13}},{"start":{"line":96,"column":12},"end":{"line":102,"column":13}}],"line":96},"16":{"loc":{"start":{"line":96,"column":16},"end":{"line":96,"column":95}},"type":"binary-expr","locations":[{"start":{"line":96,"column":17},"end":{"line":96,"column":31}},{"start":{"line":96,"column":35},"end":{"line":96,"column":52}},{"start":{"line":96,"column":58},"end":{"line":96,"column":73}},{"start":{"line":96,"column":77},"end":{"line":96,"column":94}}],"line":96},"17":{"loc":{"start":{"line":98,"column":19},"end":{"line":102,"column":13}},"type":"if","locations":[{"start":{"line":98,"column":19},"end":{"line":102,"column":13}},{"start":{"line":98,"column":19},"end":{"line":102,"column":13}}],"line":98},"18":{"loc":{"start":{"line":98,"column":23},"end":{"line":98,"column":58}},"type":"binary-expr","locations":[{"start":{"line":98,"column":23},"end":{"line":98,"column":37}},{"start":{"line":98,"column":41},"end":{"line":98,"column":58}}],"line":98},"19":{"loc":{"start":{"line":100,"column":19},"end":{"line":102,"column":13}},"type":"if","locations":[{"start":{"line":100,"column":19},"end":{"line":102,"column":13}},{"start":{"line":100,"column":19},"end":{"line":102,"column":13}}],"line":100},"20":{"loc":{"start":{"line":100,"column":23},"end":{"line":100,"column":60}},"type":"binary-expr","locations":[{"start":{"line":100,"column":23},"end":{"line":100,"column":38}},{"start":{"line":100,"column":42},"end":{"line":100,"column":60}}],"line":100},"21":{"loc":{"start":{"line":103,"column":15},"end":{"line":126,"column":9}},"type":"if","locations":[{"start":{"line":103,"column":15},"end":{"line":126,"column":9}},{"start":{"line":103,"column":15},"end":{"line":126,"column":9}}],"line":103},"22":{"loc":{"start":{"line":103,"column":19},"end":{"line":103,"column":59}},"type":"binary-expr","locations":[{"start":{"line":103,"column":19},"end":{"line":103,"column":35}},{"start":{"line":103,"column":39},"end":{"line":103,"column":59}}],"line":103},"23":{"loc":{"start":{"line":104,"column":12},"end":{"line":110,"column":13}},"type":"if","locations":[{"start":{"line":104,"column":12},"end":{"line":110,"column":13}},{"start":{"line":104,"column":12},"end":{"line":110,"column":13}}],"line":104},"24":{"loc":{"start":{"line":104,"column":16},"end":{"line":104,"column":149}},"type":"binary-expr","locations":[{"start":{"line":104,"column":17},"end":{"line":104,"column":35}},{"start":{"line":104,"column":39},"end":{"line":104,"column":59}},{"start":{"line":104,"column":66},"end":{"line":104,"column":81}},{"start":{"line":104,"column":86},"end":{"line":104,"column":104}},{"start":{"line":104,"column":108},"end":{"line":104,"column":128}},{"start":{"line":104,"column":134},"end":{"line":104,"column":148}}],"line":104},"25":{"loc":{"start":{"line":106,"column":19},"end":{"line":110,"column":13}},"type":"if","locations":[{"start":{"line":106,"column":19},"end":{"line":110,"column":13}},{"start":{"line":106,"column":19},"end":{"line":110,"column":13}}],"line":106},"26":{"loc":{"start":{"line":106,"column":23},"end":{"line":106,"column":85}},"type":"binary-expr","locations":[{"start":{"line":106,"column":23},"end":{"line":106,"column":37}},{"start":{"line":106,"column":42},"end":{"line":106,"column":60}},{"start":{"line":106,"column":64},"end":{"line":106,"column":84}}],"line":106},"27":{"loc":{"start":{"line":108,"column":19},"end":{"line":110,"column":13}},"type":"if","locations":[{"start":{"line":108,"column":19},"end":{"line":110,"column":13}},{"start":{"line":108,"column":19},"end":{"line":110,"column":13}}],"line":108},"28":{"loc":{"start":{"line":108,"column":23},"end":{"line":108,"column":86}},"type":"binary-expr","locations":[{"start":{"line":108,"column":23},"end":{"line":108,"column":38}},{"start":{"line":108,"column":43},"end":{"line":108,"column":61}},{"start":{"line":108,"column":65},"end":{"line":108,"column":85}}],"line":108},"29":{"loc":{"start":{"line":111,"column":15},"end":{"line":126,"column":9}},"type":"if","locations":[{"start":{"line":111,"column":15},"end":{"line":126,"column":9}},{"start":{"line":111,"column":15},"end":{"line":126,"column":9}}],"line":111},"30":{"loc":{"start":{"line":111,"column":19},"end":{"line":111,"column":56}},"type":"binary-expr","locations":[{"start":{"line":111,"column":19},"end":{"line":111,"column":34}},{"start":{"line":111,"column":38},"end":{"line":111,"column":56}}],"line":111},"31":{"loc":{"start":{"line":112,"column":12},"end":{"line":116,"column":13}},"type":"if","locations":[{"start":{"line":112,"column":12},"end":{"line":116,"column":13}},{"start":{"line":112,"column":12},"end":{"line":116,"column":13}}],"line":112},"32":{"loc":{"start":{"line":117,"column":15},"end":{"line":126,"column":9}},"type":"if","locations":[{"start":{"line":117,"column":15},"end":{"line":126,"column":9}},{"start":{"line":117,"column":15},"end":{"line":126,"column":9}}],"line":117},"33":{"loc":{"start":{"line":117,"column":19},"end":{"line":117,"column":58}},"type":"binary-expr","locations":[{"start":{"line":117,"column":19},"end":{"line":117,"column":34}},{"start":{"line":117,"column":38},"end":{"line":117,"column":58}}],"line":117},"34":{"loc":{"start":{"line":118,"column":12},"end":{"line":122,"column":13}},"type":"if","locations":[{"start":{"line":118,"column":12},"end":{"line":122,"column":13}},{"start":{"line":118,"column":12},"end":{"line":122,"column":13}}],"line":118},"35":{"loc":{"start":{"line":118,"column":16},"end":{"line":118,"column":62}},"type":"binary-expr","locations":[{"start":{"line":118,"column":16},"end":{"line":118,"column":36}},{"start":{"line":118,"column":40},"end":{"line":118,"column":62}}],"line":118},"36":{"loc":{"start":{"line":123,"column":15},"end":{"line":126,"column":9}},"type":"if","locations":[{"start":{"line":123,"column":15},"end":{"line":126,"column":9}},{"start":{"line":123,"column":15},"end":{"line":126,"column":9}}],"line":123},"37":{"loc":{"start":{"line":123,"column":19},"end":{"line":123,"column":83}},"type":"binary-expr","locations":[{"start":{"line":123,"column":19},"end":{"line":123,"column":35}},{"start":{"line":123,"column":40},"end":{"line":123,"column":60}},{"start":{"line":123,"column":64},"end":{"line":123,"column":82}}],"line":123},"38":{"loc":{"start":{"line":124,"column":23},"end":{"line":124,"column":54}},"type":"cond-expr","locations":[{"start":{"line":124,"column":43},"end":{"line":124,"column":47}},{"start":{"line":124,"column":50},"end":{"line":124,"column":54}}],"line":124},"39":{"loc":{"start":{"line":131,"column":8},"end":{"line":237,"column":9}},"type":"if","locations":[{"start":{"line":131,"column":8},"end":{"line":237,"column":9}},{"start":{"line":131,"column":8},"end":{"line":237,"column":9}}],"line":131},"40":{"loc":{"start":{"line":243,"column":8},"end":{"line":245,"column":9}},"type":"if","locations":[{"start":{"line":243,"column":8},"end":{"line":245,"column":9}},{"start":{"line":243,"column":8},"end":{"line":245,"column":9}}],"line":243},"41":{"loc":{"start":{"line":252,"column":8},"end":{"line":281,"column":9}},"type":"if","locations":[{"start":{"line":252,"column":8},"end":{"line":281,"column":9}},{"start":{"line":252,"column":8},"end":{"line":281,"column":9}}],"line":252},"42":{"loc":{"start":{"line":296,"column":35},"end":{"line":296,"column":71}},"type":"binary-expr","locations":[{"start":{"line":296,"column":35},"end":{"line":296,"column":43}},{"start":{"line":296,"column":47},"end":{"line":296,"column":71}}],"line":296}},"s":{"0":32,"1":32,"2":31,"3":31,"4":31,"5":1,"6":30,"7":30,"8":30,"9":30,"10":23,"11":23,"12":23,"13":30,"14":8,"15":8,"16":8,"17":8,"18":1,"19":1,"20":7,"21":1,"22":6,"23":2,"24":8,"25":4,"26":4,"27":1,"28":4,"29":3,"30":3,"31":3,"32":3,"33":3,"34":2,"35":2,"36":2,"37":2,"38":1,"39":1,"40":1,"41":3,"42":3,"43":1,"44":1,"45":12,"46":12,"47":12,"48":12,"49":3,"50":1,"51":2,"52":1,"53":1,"54":1,"55":9,"56":3,"57":1,"58":2,"59":1,"60":1,"61":1,"62":6,"63":2,"64":1,"65":1,"66":4,"67":2,"68":1,"69":1,"70":2,"71":2,"72":2,"73":91,"74":91,"75":55,"76":3,"77":3,"78":2,"79":2,"80":36,"81":55,"82":55,"83":43,"84":12,"85":55,"86":55,"87":55,"88":43,"89":1,"90":1,"91":12,"92":91,"93":91,"94":91,"95":1,"96":1,"97":1,"98":3,"99":1},"f":{"0":32,"1":31,"2":8,"3":4,"4":3,"5":1,"6":1,"7":12,"8":91,"9":3,"10":3,"11":2,"12":2,"13":55,"14":55,"15":1,"16":1,"17":91,"18":1,"19":3,"20":1},"b":{"0":[1,30],"1":[23,7],"2":[23,0],"3":[0,23],"4":[1,7],"5":[8,5],"6":[1,0],"7":[1,6],"8":[7,4],"9":[2,4],"10":[6,3],"11":[1,3],"12":[2,1],"13":[3,9],"14":[12,6],"15":[1,2],"16":[3,1,3,2],"17":[1,1],"18":[2,1],"19":[1,0],"20":[1,1],"21":[3,6],"22":[9,3],"23":[1,2],"24":[3,3,2,2,2,1],"25":[1,1],"26":[2,1,1],"27":[1,0],"28":[1,1,1],"29":[2,4],"30":[6,4],"31":[1,1],"32":[2,2],"33":[4,2],"34":[1,1],"35":[2,2],"36":[2,0],"37":[2,2,1],"38":[0,2],"39":[55,36],"40":[43,12],"41":[43,12],"42":[1,1]},"_coverageSchema":"332fd63041d2c1bcb487cc26dd0d5f7d97098a6c","hash":"4ca7e491972ade395239b8dd9c8138628cbd86fc"}
,"C:\\Users\\celler.HYPUR\\source\\repos\\react-time-selection\\src\\index.js": {"path":"C:\\Users\\celler.HYPUR\\source\\repos\\react-time-selection\\src\\index.js","statementMap":{},"fnMap":{},"branchMap":{},"s":{},"f":{},"b":{},"_coverageSchema":"332fd63041d2c1bcb487cc26dd0d5f7d97098a6c","hash":"8f87b24ac446c0919c46ca2eb79ff3930417699a"}
}
