TN:
SF:C:\Users\celler.HYPUR\source\repos\react-time-selection\src\ReactTimeSelection.js
FN:8,(anonymous_0)
FN:17,(anonymous_1)
FN:39,(anonymous_2)
FN:54,(anonymous_3)
FN:62,(anonymous_4)
FN:83,(anonymous_5)
FN:87,(anonymous_6)
FN:91,(anonymous_7)
FN:129,(anonymous_8)
FN:150,(anonymous_9)
FN:171,(anonymous_10)
FN:185,(anonymous_11)
FN:206,(anonymous_12)
FN:241,(anonymous_13)
FN:249,(anonymous_14)
FN:257,(anonymous_15)
FN:274,(anonymous_16)
FN:285,(anonymous_17)
FN:296,(anonymous_18)
FN:318,(anonymous_19)
FN:319,(anonymous_20)
FNF:21
FNH:21
FNDA:32,(anonymous_0)
FNDA:31,(anonymous_1)
FNDA:8,(anonymous_2)
FNDA:4,(anonymous_3)
FNDA:3,(anonymous_4)
FNDA:1,(anonymous_5)
FNDA:1,(anonymous_6)
FNDA:12,(anonymous_7)
FNDA:91,(anonymous_8)
FNDA:3,(anonymous_9)
FNDA:3,(anonymous_10)
FNDA:2,(anonymous_11)
FNDA:2,(anonymous_12)
FNDA:55,(anonymous_13)
FNDA:55,(anonymous_14)
FNDA:1,(anonymous_15)
FNDA:1,(anonymous_16)
FNDA:91,(anonymous_17)
FNDA:1,(anonymous_18)
FNDA:3,(anonymous_19)
FNDA:1,(anonymous_20)
DA:9,32
DA:10,32
DA:18,31
DA:19,31
DA:20,31
DA:21,1
DA:23,30
DA:24,30
DA:25,30
DA:26,30
DA:27,23
DA:28,23
DA:29,23
DA:31,30
DA:40,8
DA:41,8
DA:42,8
DA:43,8
DA:44,1
DA:45,1
DA:46,7
DA:47,1
DA:48,6
DA:49,2
DA:51,8
DA:55,4
DA:56,4
DA:57,1
DA:59,4
DA:63,3
DA:64,3
DA:65,3
DA:66,3
DA:67,3
DA:68,2
DA:71,2
DA:72,2
DA:73,2
DA:75,1
DA:76,1
DA:77,1
DA:79,3
DA:80,3
DA:84,1
DA:88,1
DA:92,12
DA:93,12
DA:94,12
DA:95,12
DA:96,3
DA:97,1
DA:98,2
DA:99,1
DA:100,1
DA:101,1
DA:103,9
DA:104,3
DA:105,1
DA:106,2
DA:107,1
DA:108,1
DA:109,1
DA:111,6
DA:112,2
DA:113,1
DA:115,1
DA:117,4
DA:118,2
DA:119,1
DA:121,1
DA:123,2
DA:124,2
DA:125,2
DA:130,91
DA:131,91
DA:132,55
DA:150,3
DA:171,3
DA:185,2
DA:206,2
DA:238,36
DA:242,55
DA:243,55
DA:244,43
DA:246,12
DA:250,55
DA:251,55
DA:252,55
DA:253,43
DA:257,1
DA:274,1
DA:282,12
DA:286,91
DA:287,91
DA:288,91
DA:296,1
DA:304,1
DA:313,1
DA:318,3
DA:319,1
LF:100
LH:100
BRDA:20,0,0,1
BRDA:20,0,1,30
BRDA:26,1,0,23
BRDA:26,1,1,7
BRDA:27,2,0,23
BRDA:27,2,1,0
BRDA:29,3,0,0
BRDA:29,3,1,23
BRDA:43,4,0,1
BRDA:43,4,1,7
BRDA:43,5,0,8
BRDA:43,5,1,5
BRDA:44,6,0,1
BRDA:44,6,1,0
BRDA:46,7,0,1
BRDA:46,7,1,6
BRDA:46,8,0,7
BRDA:46,8,1,4
BRDA:48,9,0,2
BRDA:48,9,1,4
BRDA:48,10,0,6
BRDA:48,10,1,3
BRDA:56,11,0,1
BRDA:56,11,1,3
BRDA:67,12,0,2
BRDA:67,12,1,1
BRDA:95,13,0,3
BRDA:95,13,1,9
BRDA:95,14,0,12
BRDA:95,14,1,6
BRDA:96,15,0,1
BRDA:96,15,1,2
BRDA:96,16,0,3
BRDA:96,16,1,1
BRDA:96,16,2,3
BRDA:96,16,3,2
BRDA:98,17,0,1
BRDA:98,17,1,1
BRDA:98,18,0,2
BRDA:98,18,1,1
BRDA:100,19,0,1
BRDA:100,19,1,0
BRDA:100,20,0,1
BRDA:100,20,1,1
BRDA:103,21,0,3
BRDA:103,21,1,6
BRDA:103,22,0,9
BRDA:103,22,1,3
BRDA:104,23,0,1
BRDA:104,23,1,2
BRDA:104,24,0,3
BRDA:104,24,1,3
BRDA:104,24,2,2
BRDA:104,24,3,2
BRDA:104,24,4,2
BRDA:104,24,5,1
BRDA:106,25,0,1
BRDA:106,25,1,1
BRDA:106,26,0,2
BRDA:106,26,1,1
BRDA:106,26,2,1
BRDA:108,27,0,1
BRDA:108,27,1,0
BRDA:108,28,0,1
BRDA:108,28,1,1
BRDA:108,28,2,1
BRDA:111,29,0,2
BRDA:111,29,1,4
BRDA:111,30,0,6
BRDA:111,30,1,4
BRDA:112,31,0,1
BRDA:112,31,1,1
BRDA:117,32,0,2
BRDA:117,32,1,2
BRDA:117,33,0,4
BRDA:117,33,1,2
BRDA:118,34,0,1
BRDA:118,34,1,1
BRDA:118,35,0,2
BRDA:118,35,1,2
BRDA:123,36,0,2
BRDA:123,36,1,0
BRDA:123,37,0,2
BRDA:123,37,1,2
BRDA:123,37,2,1
BRDA:124,38,0,0
BRDA:124,38,1,2
BRDA:131,39,0,55
BRDA:131,39,1,36
BRDA:243,40,0,43
BRDA:243,40,1,12
BRDA:252,41,0,43
BRDA:252,41,1,12
BRDA:296,42,0,1
BRDA:296,42,1,1
BRF:95
BRH:88
end_of_record
TN:
SF:C:\Users\celler.HYPUR\source\repos\react-time-selection\src\index.js
FNF:0
FNH:0
LF:0
LH:0
BRF:0
BRH:0
end_of_record
